[0.125s] DEBUG:colcon:Command line arguments: ['/usr/bin/colcon', 'build', '--packages-select', 'dead_reckoning_cpp']
[0.125s] DEBUG:colcon:Parsed command line arguments: Namespace(log_base=None, log_level=None, verb_name='build', build_base='build', install_base='install', merge_install=False, symlink_install=False, test_result_base=None, continue_on_error=False, executor='parallel', parallel_workers=8, event_handlers=None, ignore_user_meta=False, metas=['./colcon.meta'], base_paths=['.'], packages_ignore=None, packages_ignore_regex=None, paths=None, packages_up_to=None, packages_up_to_regex=None, packages_above=None, packages_above_and_dependencies=None, packages_above_depth=None, packages_select_by_dep=None, packages_skip_by_dep=None, packages_skip_up_to=None, packages_select_build_failed=False, packages_skip_build_finished=False, packages_select_test_failures=False, packages_skip_test_passed=False, packages_select=['dead_reckoning_cpp'], packages_skip=None, packages_select_regex=None, packages_skip_regex=None, packages_start=None, packages_end=None, allow_overriding=[], cmake_args=None, cmake_target=None, cmake_target_skip_unavailable=False, cmake_clean_cache=False, cmake_clean_first=False, cmake_force_configure=False, ament_cmake_args=None, catkin_cmake_args=None, catkin_skip_building_tests=False, mixin_files=None, mixin=None, verb_parser=<colcon_mixin.mixin.mixin_argument.MixinArgumentDecorator object at 0x7ffa833d7820>, verb_extension=<colcon_core.verb.build.BuildVerb object at 0x7ffa833d72b0>, main=<bound method BuildVerb.main of <colcon_core.verb.build.BuildVerb object at 0x7ffa833d72b0>>, mixin_verb=('build',))
[0.283s] Level 1:colcon.colcon_core.package_discovery:discover_packages(colcon_meta) check parameters
[0.284s] Level 1:colcon.colcon_core.package_discovery:discover_packages(recursive) check parameters
[0.284s] Level 1:colcon.colcon_core.package_discovery:discover_packages(ignore) check parameters
[0.284s] Level 1:colcon.colcon_core.package_discovery:discover_packages(path) check parameters
[0.284s] Level 1:colcon.colcon_core.package_discovery:discover_packages(colcon_meta) discover
[0.284s] Level 1:colcon.colcon_core.package_discovery:discover_packages(recursive) discover
[0.284s] INFO:colcon.colcon_core.package_discovery:Crawling recursively for packages in '/home/chidalu/uni/robostud/dead_reckoning_cpp'
[0.284s] Level 1:colcon.colcon_core.package_identification:_identify(.) by extensions ['ignore', 'ignore_ament_install']
[0.284s] Level 1:colcon.colcon_core.package_identification:_identify(.) by extension 'ignore'
[0.284s] Level 1:colcon.colcon_core.package_identification:_identify(.) by extension 'ignore_ament_install'
[0.284s] Level 1:colcon.colcon_core.package_identification:_identify(.) by extensions ['colcon_pkg']
[0.284s] Level 1:colcon.colcon_core.package_identification:_identify(.) by extension 'colcon_pkg'
[0.284s] Level 1:colcon.colcon_core.package_identification:_identify(.) by extensions ['colcon_meta']
[0.284s] Level 1:colcon.colcon_core.package_identification:_identify(.) by extension 'colcon_meta'
[0.284s] Level 1:colcon.colcon_core.package_identification:_identify(.) by extensions ['ros']
[0.284s] Level 1:colcon.colcon_core.package_identification:_identify(.) by extension 'ros'
[0.295s] DEBUG:colcon.colcon_core.package_identification:Package '.' with type 'ros.ament_cmake' and name 'dead_reckoning_cpp'
[0.295s] Level 1:colcon.colcon_core.package_discovery:discover_packages(recursive) using defaults
[0.295s] Level 1:colcon.colcon_core.package_discovery:discover_packages(ignore) discover
[0.295s] Level 1:colcon.colcon_core.package_discovery:discover_packages(ignore) using defaults
[0.295s] Level 1:colcon.colcon_core.package_discovery:discover_packages(path) discover
[0.295s] Level 1:colcon.colcon_core.package_discovery:discover_packages(path) using defaults
[0.324s] Level 1:colcon.colcon_core.package_discovery:discover_packages(prefix_path) check parameters
[0.324s] Level 1:colcon.colcon_core.package_discovery:discover_packages(prefix_path) discover
[0.326s] DEBUG:colcon.colcon_installed_package_information.package_discovery:Found 19 installed packages in /home/chidalu/ros2_ws/install
[0.327s] DEBUG:colcon.colcon_installed_package_information.package_discovery:Found 382 installed packages in /opt/ros/humble
[0.329s] Level 1:colcon.colcon_core.package_discovery:discover_packages(prefix_path) using defaults
[0.366s] Level 5:colcon.colcon_core.verb:set package 'dead_reckoning_cpp' build argument 'cmake_args' from command line to 'None'
[0.366s] Level 5:colcon.colcon_core.verb:set package 'dead_reckoning_cpp' build argument 'cmake_target' from command line to 'None'
[0.366s] Level 5:colcon.colcon_core.verb:set package 'dead_reckoning_cpp' build argument 'cmake_target_skip_unavailable' from command line to 'False'
[0.366s] Level 5:colcon.colcon_core.verb:set package 'dead_reckoning_cpp' build argument 'cmake_clean_cache' from command line to 'False'
[0.366s] Level 5:colcon.colcon_core.verb:set package 'dead_reckoning_cpp' build argument 'cmake_clean_first' from command line to 'False'
[0.366s] Level 5:colcon.colcon_core.verb:set package 'dead_reckoning_cpp' build argument 'cmake_force_configure' from command line to 'False'
[0.366s] Level 5:colcon.colcon_core.verb:set package 'dead_reckoning_cpp' build argument 'ament_cmake_args' from command line to 'None'
[0.366s] Level 5:colcon.colcon_core.verb:set package 'dead_reckoning_cpp' build argument 'catkin_cmake_args' from command line to 'None'
[0.366s] Level 5:colcon.colcon_core.verb:set package 'dead_reckoning_cpp' build argument 'catkin_skip_building_tests' from command line to 'False'
[0.366s] DEBUG:colcon.colcon_core.verb:Building package 'dead_reckoning_cpp' with the following arguments: {'ament_cmake_args': None, 'build_base': '/home/chidalu/uni/robostud/dead_reckoning_cpp/build/dead_reckoning_cpp', 'catkin_cmake_args': None, 'catkin_skip_building_tests': False, 'cmake_args': None, 'cmake_clean_cache': False, 'cmake_clean_first': False, 'cmake_force_configure': False, 'cmake_target': None, 'cmake_target_skip_unavailable': False, 'install_base': '/home/chidalu/uni/robostud/dead_reckoning_cpp/install/dead_reckoning_cpp', 'merge_install': False, 'path': '/home/chidalu/uni/robostud/dead_reckoning_cpp', 'symlink_install': False, 'test_result_base': None}
[0.366s] INFO:colcon.colcon_core.executor:Executing jobs using 'parallel' executor
[0.368s] DEBUG:colcon.colcon_parallel_executor.executor.parallel:run_until_complete
[0.368s] INFO:colcon.colcon_ros.task.ament_cmake.build:Building ROS package in '/home/chidalu/uni/robostud/dead_reckoning_cpp' with build type 'ament_cmake'
[0.368s] INFO:colcon.colcon_cmake.task.cmake.build:Building CMake package in '/home/chidalu/uni/robostud/dead_reckoning_cpp'
[0.370s] INFO:colcon.colcon_core.plugin_system:Skipping extension 'colcon_core.shell.bat': Not used on non-Windows systems
[0.370s] INFO:colcon.colcon_core.shell:Skip shell extension 'powershell' for command environment: Not usable outside of PowerShell
[0.370s] DEBUG:colcon.colcon_core.shell:Skip shell extension 'dsv' for command environment
[0.378s] DEBUG:colcon.colcon_core.event_handler.log_command:Invoking command in '/home/chidalu/uni/robostud/dead_reckoning_cpp/build/dead_reckoning_cpp': CMAKE_PREFIX_PATH=${CMAKE_PREFIX_PATH}:/home/chidalu/ros2_ws/install/turtlebot3_teleop:/home/chidalu/ros2_ws/install/turtlebot3_example:/opt/ros/humble /usr/bin/cmake /home/chidalu/uni/robostud/dead_reckoning_cpp -DCMAKE_INSTALL_PREFIX=/home/chidalu/uni/robostud/dead_reckoning_cpp/install/dead_reckoning_cpp
[3.965s] DEBUG:colcon.colcon_core.event_handler.log_command:Invoked command in '/home/chidalu/uni/robostud/dead_reckoning_cpp/build/dead_reckoning_cpp' returned '0': CMAKE_PREFIX_PATH=${CMAKE_PREFIX_PATH}:/home/chidalu/ros2_ws/install/turtlebot3_teleop:/home/chidalu/ros2_ws/install/turtlebot3_example:/opt/ros/humble /usr/bin/cmake /home/chidalu/uni/robostud/dead_reckoning_cpp -DCMAKE_INSTALL_PREFIX=/home/chidalu/uni/robostud/dead_reckoning_cpp/install/dead_reckoning_cpp
[3.966s] DEBUG:colcon.colcon_core.event_handler.log_command:Invoking command in '/home/chidalu/uni/robostud/dead_reckoning_cpp/build/dead_reckoning_cpp': CMAKE_PREFIX_PATH=${CMAKE_PREFIX_PATH}:/home/chidalu/ros2_ws/install/turtlebot3_teleop:/home/chidalu/ros2_ws/install/turtlebot3_example:/opt/ros/humble /usr/bin/cmake --build /home/chidalu/uni/robostud/dead_reckoning_cpp/build/dead_reckoning_cpp -- -j8 -l8
[3.982s] DEBUG:colcon.colcon_core.event_handler.log_command:Invoked command in '/home/chidalu/uni/robostud/dead_reckoning_cpp/build/dead_reckoning_cpp' returned '0': CMAKE_PREFIX_PATH=${CMAKE_PREFIX_PATH}:/home/chidalu/ros2_ws/install/turtlebot3_teleop:/home/chidalu/ros2_ws/install/turtlebot3_example:/opt/ros/humble /usr/bin/cmake --build /home/chidalu/uni/robostud/dead_reckoning_cpp/build/dead_reckoning_cpp -- -j8 -l8
[3.996s] DEBUG:colcon.colcon_core.event_handler.log_command:Invoking command in '/home/chidalu/uni/robostud/dead_reckoning_cpp/build/dead_reckoning_cpp': CMAKE_PREFIX_PATH=${CMAKE_PREFIX_PATH}:/home/chidalu/ros2_ws/install/turtlebot3_teleop:/home/chidalu/ros2_ws/install/turtlebot3_example:/opt/ros/humble /usr/bin/cmake --install /home/chidalu/uni/robostud/dead_reckoning_cpp/build/dead_reckoning_cpp
[4.000s] Level 1:colcon.colcon_core.environment:create_environment_scripts_only(dead_reckoning_cpp)
[4.001s] DEBUG:colcon.colcon_core.event_handler.log_command:Invoked command in '/home/chidalu/uni/robostud/dead_reckoning_cpp/build/dead_reckoning_cpp' returned '0': CMAKE_PREFIX_PATH=${CMAKE_PREFIX_PATH}:/home/chidalu/ros2_ws/install/turtlebot3_teleop:/home/chidalu/ros2_ws/install/turtlebot3_example:/opt/ros/humble /usr/bin/cmake --install /home/chidalu/uni/robostud/dead_reckoning_cpp/build/dead_reckoning_cpp
[4.003s] Level 1:colcon.colcon_core.environment:checking '/home/chidalu/uni/robostud/dead_reckoning_cpp/install/dead_reckoning_cpp' for CMake module files
[4.003s] Level 1:colcon.colcon_core.environment:checking '/home/chidalu/uni/robostud/dead_reckoning_cpp/install/dead_reckoning_cpp' for CMake config files
[4.003s] Level 1:colcon.colcon_core.shell:create_environment_hook('dead_reckoning_cpp', 'cmake_prefix_path')
[4.003s] INFO:colcon.colcon_core.shell:Creating environment hook '/home/chidalu/uni/robostud/dead_reckoning_cpp/install/dead_reckoning_cpp/share/dead_reckoning_cpp/hook/cmake_prefix_path.ps1'
[4.004s] INFO:colcon.colcon_core.shell:Creating environment descriptor '/home/chidalu/uni/robostud/dead_reckoning_cpp/install/dead_reckoning_cpp/share/dead_reckoning_cpp/hook/cmake_prefix_path.dsv'
[4.004s] INFO:colcon.colcon_core.shell:Creating environment hook '/home/chidalu/uni/robostud/dead_reckoning_cpp/install/dead_reckoning_cpp/share/dead_reckoning_cpp/hook/cmake_prefix_path.sh'
[4.005s] Level 1:colcon.colcon_core.environment:checking '/home/chidalu/uni/robostud/dead_reckoning_cpp/install/dead_reckoning_cpp/bin'
[4.005s] Level 1:colcon.colcon_core.environment:checking '/home/chidalu/uni/robostud/dead_reckoning_cpp/install/dead_reckoning_cpp/lib/pkgconfig/dead_reckoning_cpp.pc'
[4.005s] Level 1:colcon.colcon_core.environment:checking '/home/chidalu/uni/robostud/dead_reckoning_cpp/install/dead_reckoning_cpp/lib/python3.10/site-packages'
[4.005s] Level 1:colcon.colcon_core.environment:checking '/home/chidalu/uni/robostud/dead_reckoning_cpp/install/dead_reckoning_cpp/bin'
[4.005s] INFO:colcon.colcon_core.shell:Creating package script '/home/chidalu/uni/robostud/dead_reckoning_cpp/install/dead_reckoning_cpp/share/dead_reckoning_cpp/package.ps1'
[4.006s] INFO:colcon.colcon_core.shell:Creating package descriptor '/home/chidalu/uni/robostud/dead_reckoning_cpp/install/dead_reckoning_cpp/share/dead_reckoning_cpp/package.dsv'
[4.006s] INFO:colcon.colcon_core.shell:Creating package script '/home/chidalu/uni/robostud/dead_reckoning_cpp/install/dead_reckoning_cpp/share/dead_reckoning_cpp/package.sh'
[4.006s] INFO:colcon.colcon_core.shell:Creating package script '/home/chidalu/uni/robostud/dead_reckoning_cpp/install/dead_reckoning_cpp/share/dead_reckoning_cpp/package.bash'
[4.007s] INFO:colcon.colcon_core.shell:Creating package script '/home/chidalu/uni/robostud/dead_reckoning_cpp/install/dead_reckoning_cpp/share/dead_reckoning_cpp/package.zsh'
[4.007s] Level 1:colcon.colcon_core.environment:create_file_with_runtime_dependencies(/home/chidalu/uni/robostud/dead_reckoning_cpp/install/dead_reckoning_cpp/share/colcon-core/packages/dead_reckoning_cpp)
[4.019s] Level 1:colcon.colcon_core.environment:create_environment_scripts_only(dead_reckoning_cpp)
[4.019s] Level 1:colcon.colcon_core.environment:checking '/home/chidalu/uni/robostud/dead_reckoning_cpp/install/dead_reckoning_cpp' for CMake module files
[4.019s] Level 1:colcon.colcon_core.environment:checking '/home/chidalu/uni/robostud/dead_reckoning_cpp/install/dead_reckoning_cpp' for CMake config files
[4.020s] Level 1:colcon.colcon_core.shell:create_environment_hook('dead_reckoning_cpp', 'cmake_prefix_path')
[4.020s] INFO:colcon.colcon_core.shell:Creating environment hook '/home/chidalu/uni/robostud/dead_reckoning_cpp/install/dead_reckoning_cpp/share/dead_reckoning_cpp/hook/cmake_prefix_path.ps1'
[4.020s] INFO:colcon.colcon_core.shell:Creating environment descriptor '/home/chidalu/uni/robostud/dead_reckoning_cpp/install/dead_reckoning_cpp/share/dead_reckoning_cpp/hook/cmake_prefix_path.dsv'
[4.020s] INFO:colcon.colcon_core.shell:Creating environment hook '/home/chidalu/uni/robostud/dead_reckoning_cpp/install/dead_reckoning_cpp/share/dead_reckoning_cpp/hook/cmake_prefix_path.sh'
[4.020s] Level 1:colcon.colcon_core.environment:checking '/home/chidalu/uni/robostud/dead_reckoning_cpp/install/dead_reckoning_cpp/bin'
[4.020s] Level 1:colcon.colcon_core.environment:checking '/home/chidalu/uni/robostud/dead_reckoning_cpp/install/dead_reckoning_cpp/lib/pkgconfig/dead_reckoning_cpp.pc'
[4.021s] Level 1:colcon.colcon_core.environment:checking '/home/chidalu/uni/robostud/dead_reckoning_cpp/install/dead_reckoning_cpp/lib/python3.10/site-packages'
[4.021s] Level 1:colcon.colcon_core.environment:checking '/home/chidalu/uni/robostud/dead_reckoning_cpp/install/dead_reckoning_cpp/bin'
[4.021s] INFO:colcon.colcon_core.shell:Creating package script '/home/chidalu/uni/robostud/dead_reckoning_cpp/install/dead_reckoning_cpp/share/dead_reckoning_cpp/package.ps1'
[4.021s] INFO:colcon.colcon_core.shell:Creating package descriptor '/home/chidalu/uni/robostud/dead_reckoning_cpp/install/dead_reckoning_cpp/share/dead_reckoning_cpp/package.dsv'
[4.021s] INFO:colcon.colcon_core.shell:Creating package script '/home/chidalu/uni/robostud/dead_reckoning_cpp/install/dead_reckoning_cpp/share/dead_reckoning_cpp/package.sh'
[4.022s] INFO:colcon.colcon_core.shell:Creating package script '/home/chidalu/uni/robostud/dead_reckoning_cpp/install/dead_reckoning_cpp/share/dead_reckoning_cpp/package.bash'
[4.022s] INFO:colcon.colcon_core.shell:Creating package script '/home/chidalu/uni/robostud/dead_reckoning_cpp/install/dead_reckoning_cpp/share/dead_reckoning_cpp/package.zsh'
[4.022s] Level 1:colcon.colcon_core.environment:create_file_with_runtime_dependencies(/home/chidalu/uni/robostud/dead_reckoning_cpp/install/dead_reckoning_cpp/share/colcon-core/packages/dead_reckoning_cpp)
[4.022s] DEBUG:colcon.colcon_parallel_executor.executor.parallel:closing loop
[4.023s] DEBUG:colcon.colcon_parallel_executor.executor.parallel:loop closed
[4.023s] DEBUG:colcon.colcon_parallel_executor.executor.parallel:run_until_complete finished with '0'
[4.023s] DEBUG:colcon.colcon_core.event_reactor:joining thread
[4.052s] INFO:colcon.colcon_core.plugin_system:Skipping extension 'colcon_notification.desktop_notification.notify_send': Could not find 'notify-send'
[4.052s] INFO:colcon.colcon_core.plugin_system:Skipping extension 'colcon_notification.desktop_notification.terminal_notifier': Not used on non-Darwin systems
[4.052s] INFO:colcon.colcon_core.plugin_system:Skipping extension 'colcon_notification.desktop_notification.win32': Not used on non-Windows systems
[4.052s] INFO:colcon.colcon_notification.desktop_notification:Sending desktop notification using 'notify2'
[4.053s] DEBUG:colcon.colcon_notification.desktop_notification.notify2:Failed to initialize notify2: org.freedesktop.DBus.Error.ServiceUnknown: The name org.freedesktop.Notifications was not provided by any .service files
[4.053s] DEBUG:colcon.colcon_core.event_reactor:joined thread
[4.054s] INFO:colcon.colcon_core.shell:Creating prefix script '/home/chidalu/uni/robostud/dead_reckoning_cpp/install/local_setup.ps1'
[4.054s] INFO:colcon.colcon_core.shell:Creating prefix util module '/home/chidalu/uni/robostud/dead_reckoning_cpp/install/_local_setup_util_ps1.py'
[4.055s] INFO:colcon.colcon_core.shell:Creating prefix chain script '/home/chidalu/uni/robostud/dead_reckoning_cpp/install/setup.ps1'
[4.056s] INFO:colcon.colcon_core.shell:Creating prefix script '/home/chidalu/uni/robostud/dead_reckoning_cpp/install/local_setup.sh'
[4.057s] INFO:colcon.colcon_core.shell:Creating prefix util module '/home/chidalu/uni/robostud/dead_reckoning_cpp/install/_local_setup_util_sh.py'
[4.057s] INFO:colcon.colcon_core.shell:Creating prefix chain script '/home/chidalu/uni/robostud/dead_reckoning_cpp/install/setup.sh'
[4.058s] INFO:colcon.colcon_core.shell:Creating prefix script '/home/chidalu/uni/robostud/dead_reckoning_cpp/install/local_setup.bash'
[4.058s] INFO:colcon.colcon_core.shell:Creating prefix chain script '/home/chidalu/uni/robostud/dead_reckoning_cpp/install/setup.bash'
[4.059s] INFO:colcon.colcon_core.shell:Creating prefix script '/home/chidalu/uni/robostud/dead_reckoning_cpp/install/local_setup.zsh'
[4.059s] INFO:colcon.colcon_core.shell:Creating prefix chain script '/home/chidalu/uni/robostud/dead_reckoning_cpp/install/setup.zsh'
